[2020-11-04 00:25:48] [ DEBUG] [log:21] Sign in successful
[2020-11-04 00:42:00] [ DEBUG] [log:21] Log in successful
[2020-11-04 21:33:58] [ DEBUG] [log:21] Log out successful
[2020-11-04 21:34:17] [ DEBUG] [log:21] Log out successful
[2020-11-04 21:34:26] [ DEBUG] [log:21] Log out successful
[2020-11-04 21:34:56] [ DEBUG] [log:21] Log out successful
[2020-11-04 22:37:25] [ DEBUG] [log:21] Send request successful
[2020-11-05 00:44:03] [ DEBUG] [log:21] Unlocked account
[2020-11-05 00:45:21] [ DEBUG] [log:21] Unlocked account
[2020-11-05 00:46:38] [ DEBUG] [log:21] Unlocked account successful
[2020-11-05 11:20:48] [ DEBUG] [log:21] Unlocked account
[2020-11-05 11:23:23] [ DEBUG] [log:21] Unlocked account successful
[2020-11-06 02:14:23] [ DEBUG] [log:21] Log in successful
[2020-11-09 16:18:47] [ DEBUG] [log:21] Log in successful
[2020-11-11 01:06:56] [ DEBUG] [log:21] Sign in successful
[2020-11-11 01:08:42] [ DEBUG] [log:21] Sign in successful
[2020-11-11 12:11:09] [ DEBUG] [log:21] Change password
[2020-11-11 17:06:42] [ ERROR] [log:26] Change password fail
[2020-11-12 17:22:08] [ ERROR] [log:26] Could not convert socket to TLS
[2020-11-12 17:24:14] [ DEBUG] [log:21] Unlocked account
[2020-11-12 17:55:16] [ DEBUG] [log:21] Unlocked account
[2020-11-12 17:56:50] [ DEBUG] [log:21] Unlocked account successful
[2020-11-12 18:09:51] [ DEBUG] [log:21] Unlocked account
[2020-11-12 18:14:45] [ DEBUG] [log:21] Unlocked account
[2020-11-12 18:19:12] [ DEBUG] [log:21] Unlocked account
[2020-11-12 18:21:51] [ DEBUG] [log:21] Unlocked account
[2020-11-12 18:22:12] [ DEBUG] [log:21] Unlocked account successful
[2020-11-12 18:25:54] [ DEBUG] [log:21] Unlocked account
[2020-11-12 18:26:56] [ DEBUG] [log:21] Unlocked account successful
[2020-11-12 18:36:11] [ DEBUG] [log:21] Unlocked account
[2020-11-12 18:36:46] [ DEBUG] [log:21] Unlocked account successful
[2020-11-12 18:40:25] [ DEBUG] [log:21] Unlocked account
[2020-11-12 18:40:39] [ DEBUG] [log:21] Unlocked account successful
[2020-11-12 18:48:37] [ DEBUG] [log:21] Unlocked account
[2020-11-12 18:48:57] [ DEBUG] [log:21] Unlocked account successful
[2020-11-12 18:52:13] [ DEBUG] [log:21] Unlocked account
[2020-11-12 18:52:54] [ DEBUG] [log:21] Unlocked account successful
[2020-11-13 00:35:41] [ DEBUG] [log:21] Unlocked account
[2020-11-13 00:37:29] [ DEBUG] [log:21] Unlocked account successful
[2020-11-13 00:41:56] [ DEBUG] [log:21] Unlocked account
[2020-11-13 00:42:19] [ DEBUG] [log:21] Unlocked account successful
[2020-11-13 00:47:47] [ DEBUG] [log:21] Unlocked account
[2020-11-13 00:48:30] [ DEBUG] [log:21] Unlocked account successful
[2020-11-13 01:31:33] [ DEBUG] [log:21] Log in successful
[2020-11-13 01:42:01] [ DEBUG] [log:21] Log in successful
[2020-11-14 16:29:48] [ DEBUG] [log:21] Log in successful
[2020-11-14 16:34:58] [ DEBUG] [log:21] Log in successful
[2020-11-14 16:38:28] [ DEBUG] [log:21] Log in successful
[2020-11-14 16:42:10] [ DEBUG] [log:21] Log in successful
[2020-11-14 16:48:52] [ DEBUG] [log:21] Log in successful
[2020-11-14 16:54:53] [ DEBUG] [log:21] Log in successful
[2020-11-14 16:58:06] [ DEBUG] [log:21] Log in successful
[2020-11-14 17:13:08] [ DEBUG] [log:21] Log in successful
[2020-11-14 17:15:40] [ DEBUG] [log:21] Log in successful
[2020-11-14 17:16:58] [ DEBUG] [log:21] Log in successful
[2020-11-14 17:19:54] [ DEBUG] [log:21] Log in successful
[2020-11-15 23:11:32] [ DEBUG] [log:21] Log in successful
[2020-11-15 23:15:46] [ DEBUG] [log:21] Log in successful
[2020-11-15 23:21:38] [ DEBUG] [log:21] Log in successful
[2020-11-15 23:24:45] [ DEBUG] [log:21] Log in successful
[2020-11-15 23:29:59] [ DEBUG] [log:21] Log in successful
[2020-11-15 23:32:19] [ DEBUG] [log:21] Log in successful
[2020-11-15 23:38:25] [ DEBUG] [log:21] Log in successful
[2020-11-15 23:41:27] [ DEBUG] [log:21] Log in successful
[2020-11-16 14:51:19] [ ERROR] [log:26] El intento de conexión falló.
[2020-11-16 14:51:19] [ ERROR] [log:26] 
